Построение начато 18.09.2016 13:41:42.
     1>Проект "D:\ООП\laba1_1\flipbyte\flipbyte\flipbyte.vcxproj" в узле 2 (целевые объекты build).
     1>InitializeBuildStatus:
         Обращение к "Debug\flipbyte.unsuccessfulbuild".
       GenerateTargetFrameworkMonikerAttribute:
       Целевой объект "GenerateTargetFrameworkMonikerAttribute" пропускается, так как все выходные файлы актуальны по отношению к входным.
       ClCompile:
         Для всех выходных данных обновления не требуется.
         C:\Program Files (x86)\Microsoft Visual Studio 10.0\VC\bin\CL.exe /c /AI"C:\Program Files (x86)\Reference Assemblies\Microsoft\Framework\.NETFramework\v4.0" /Zi /clr /nologo /W3 /WX- /Od /Oy- /D WIN32 /D _DEBUG /D _UNICODE /D UNICODE /EHa /MDd /GS /fp:precise /Zc:wchar_t /Zc:forScope /Yu"StdAfx.h" /Fp"Debug\flipbyte.pch" /Fo"Debug\\" /Fd"Debug\vc100.pdb" /TP /FU"C:\Program Files (x86)\Reference Assemblies\Microsoft\Framework\.NETFramework\v4.0\System.Core.dll" /FU"C:\Program Files (x86)\Reference Assemblies\Microsoft\Framework\.NETFramework\v4.0\System.Data.dll" /FU"C:\Program Files (x86)\Reference Assemblies\Microsoft\Framework\.NETFramework\v4.0\System.dll" /FU"C:\Program Files (x86)\Reference Assemblies\Microsoft\Framework\.NETFramework\v4.0\System.Xml.dll" /analyze- /errorReport:prompt flipbyte.cpp /clr:nostdlib 
         flipbyte.cpp
     1>flipbyte.cpp(46): warning C4244: +=: преобразование "double" в "long", возможна потеря данных
     1>flipbyte.cpp(38): warning C4101: i: неиспользованная локальная переменная
         Для всех выходных данных обновления не требуется.
       ResourceCompile:
         Для всех выходных данных обновления не требуется.
       Link:
         C:\Program Files (x86)\Microsoft Visual Studio 10.0\VC\bin\link.exe /ERRORREPORT:PROMPT /OUT:"D:\ООП\laba1_1\flipbyte\Debug\flipbyte.exe" /INCREMENTAL /NOLOGO /MANIFEST /ManifestFile:"Debug\flipbyte.exe.intermediate.manifest" /MANIFESTUAC:"level='asInvoker' uiAccess='false'" /DEBUG /PDB:"D:\ООП\laba1_1\flipbyte\Debug\flipbyte.pdb" /ASSEMBLYDEBUG /TLBID:1 /DYNAMICBASE /FIXED:NO /NXCOMPAT /MACHINE:X86 Debug\app.res
         Debug\AssemblyInfo.obj
         Debug\flipbyte.obj
         Debug\stdafx.obj
         "Debug\.NETFramework,Version=v4.0.AssemblyAttributes.obj"
         flipbyte.vcxproj -> D:\ООП\laba1_1\flipbyte\Debug\flipbyte.exe
       Manifest:
         C:\Program Files (x86)\Microsoft SDKs\Windows\v7.0A\bin\mt.exe /nologo /verbose /outputresource:"D:\ООП\laba1_1\flipbyte\Debug\flipbyte.exe;#1" /manifest Debug\flipbyte.exe.intermediate.manifest
       FinalizeBuildStatus:
         Файл "Debug\flipbyte.unsuccessfulbuild" удаляется.
         Обращение к "Debug\flipbyte.lastbuildstate".
     1>Построение проекта "D:\ООП\laba1_1\flipbyte\flipbyte\flipbyte.vcxproj" завершено (целевые объекты build).

Построение успешно завершено.

Затраченное время: 00:00:02.04
